<!DOCTYPE html PUBLIC "-//W3C//DTD XHTML 1.1//EN" "https://www.w3.org/TR/xhtml11/DTD/xhtml11.dtd">
<html xmlns="https://www.w3.org/1999/xhtml">
<head>
<meta http-equiv="content-type" content="text/html; charset=UTF-8"/>
<title>TestNG Report</title>
<style type="text/css">table {margin-bottom:10px;border-collapse:collapse;empty-cells:show}th,td {border:1px solid #009;padding:.25em .5em}th {vertical-align:bottom}td {vertical-align:top}table a {font-weight:bold}.stripe td {background-color: #E6EBF9}.num {text-align:right}.passedodd td {background-color: #3F3}.passedeven td {background-color: #0A0}.skippedodd td {background-color: #DDD}.skippedeven td {background-color: #CCC}.failedodd td,.attn {background-color: #F33}.failedeven td,.stripe .attn {background-color: #D00}.stacktrace {white-space:pre;font-family:monospace}.totop {font-size:85%;text-align:center;border-bottom:2px solid #000}.invisible {display:none}</style>
</head>
<body>
<table>
<tr><th>Test</th><th># Passed</th><th># Skipped</th><th># Retried</th><th># Failed</th><th>Time (ms)</th><th>Included Groups</th><th>Excluded Groups</th></tr>
<tr><th colspan="8">Suite</th></tr>
<tr><td><a href="#t0">Chrome Test</a></td><td class="num">6</td><td class="num">0</td><td class="num">0</td><td class="num">0</td><td class="num">191,386</td><td></td><td></td></tr>
<tr class="stripe"><td><a href="#t1">Microsoft Edge Test</a></td><td class="num">3</td><td class="num">0</td><td class="num">0</td><td class="num attn">3</td><td class="num">778,890</td><td></td><td></td></tr>
<tr><th>Total</th><th class="num">9</th><th class="num">0</th><th class="num">0</th><th class="num attn">3</th><th class="num">970,276</th><th colspan="2"></th></tr>
</table>
<table id='summary'><thead><tr><th>Class</th><th>Method</th><th>Start</th><th>Time (ms)</th></tr></thead><tbody><tr><th colspan="4">Suite</th></tr></tbody><tbody id="t0"><tr><th colspan="4">Chrome Test &#8212; passed</th></tr><tr class="passedeven"><td rowspan="1">Capstone.FinalProject.TestCase1</td><td><a href="#m0">scenarioDemo1</a></td><td rowspan="1">1687437455893</td><td rowspan="1">35519</td></tr><tr class="passedodd"><td rowspan="1">Capstone.FinalProject.TestCase2</td><td><a href="#m1">scenarioDemo2</a></td><td rowspan="1">1687437521578</td><td rowspan="1">9960</td></tr><tr class="passedeven"><td rowspan="1">Capstone.FinalProject.TestCase3</td><td><a href="#m2">scenarioDemo3</a></td><td rowspan="1">1687437502249</td><td rowspan="1">5922</td></tr><tr class="passedodd"><td rowspan="1">Capstone.FinalProject.TestCase4</td><td><a href="#m3">scenarioDemo4</a></td><td rowspan="1">1687437393426</td><td rowspan="1">16225</td></tr><tr class="passedeven"><td rowspan="1">Capstone.FinalProject.TestCase5</td><td><a href="#m4">scenarioDemo5</a></td><td rowspan="1">1687437350689</td><td rowspan="1">33542</td></tr><tr class="passedodd"><td rowspan="1">Capstone.FinalProject.TestCase6</td><td><a href="#m5">scenario6</a></td><td rowspan="1">1687437424429</td><td rowspan="1">20011</td></tr></tbody>
<tbody id="t1"><tr><th colspan="4">Microsoft Edge Test &#8212; failed</th></tr><tr class="failedeven"><td rowspan="1">Capstone.FinalProject.TestCase1</td><td><a href="#m6">scenarioDemo1</a></td><td rowspan="1">1687437858797</td><td rowspan="1">37699</td></tr><tr class="failedodd"><td rowspan="1">Capstone.FinalProject.TestCase4</td><td><a href="#m7">scenarioDemo4</a></td><td rowspan="1">1687437811687</td><td rowspan="1">24956</td></tr><tr class="failedeven"><td rowspan="1">Capstone.FinalProject.TestCase6</td><td><a href="#m8">scenario6</a></td><td rowspan="1">1687437846217</td><td rowspan="1">1502</td></tr><tr><th colspan="4">Microsoft Edge Test &#8212; passed</th></tr><tr class="passedeven"><td rowspan="1">Capstone.FinalProject.TestCase2</td><td><a href="#m9">scenarioDemo2</a></td><td rowspan="1">1687437994396</td><td rowspan="1">124651</td></tr><tr class="passedodd"><td rowspan="1">Capstone.FinalProject.TestCase3</td><td><a href="#m10">scenarioDemo3</a></td><td rowspan="1">1687437976318</td><td rowspan="1">5828</td></tr><tr class="passedeven"><td rowspan="1">Capstone.FinalProject.TestCase5</td><td><a href="#m11">scenarioDemo5</a></td><td rowspan="1">1687437350729</td><td rowspan="1">424488</td></tr></tbody>
</table>
<h2>Chrome Test</h2><h3 id="m0">Capstone.FinalProject.TestCase1#scenarioDemo1</h3><table class="result"><tr><th class="invisible"/></tr></table><p class="totop"><a href="#summary">back to summary</a></p>
<h3 id="m1">Capstone.FinalProject.TestCase2#scenarioDemo2</h3><table class="result"><tr><th class="invisible"/></tr></table><p class="totop"><a href="#summary">back to summary</a></p>
<h3 id="m2">Capstone.FinalProject.TestCase3#scenarioDemo3</h3><table class="result"><tr><th class="invisible"/></tr></table><p class="totop"><a href="#summary">back to summary</a></p>
<h3 id="m3">Capstone.FinalProject.TestCase4#scenarioDemo4</h3><table class="result"><tr><th class="invisible"/></tr></table><p class="totop"><a href="#summary">back to summary</a></p>
<h3 id="m4">Capstone.FinalProject.TestCase5#scenarioDemo5</h3><table class="result"><tr><th class="invisible"/></tr></table><p class="totop"><a href="#summary">back to summary</a></p>
<h3 id="m5">Capstone.FinalProject.TestCase6#scenario6</h3><table class="result"><tr><th class="invisible"/></tr></table><p class="totop"><a href="#summary">back to summary</a></p>
<h2>Microsoft Edge Test</h2><h3 id="m6">Capstone.FinalProject.TestCase1#scenarioDemo1</h3><table class="result"><tr><th>Exception</th></tr><tr><td><div class="stacktrace">org.openqa.selenium.NoSuchElementException: no such element: Unable to locate element: {&quot;method&quot;:&quot;xpath&quot;,&quot;selector&quot;:&quot;//*[@data-qa=&apos;continue-button&apos;]&quot;}
  (Session info: MicrosoftEdge=114.0.1823.51)
For documentation on this error, please visit: https://www.seleniumhq.org/exceptions/no_such_element.html
Build info: version: &apos;3.141.59&apos;, revision: &apos;e82be7d358&apos;, time: &apos;2018-11-14T08:17:03&apos;
System info: host: &apos;DESKTOP-ONP7J23&apos;, ip: &apos;192.168.43.198&apos;, os.name: &apos;Windows 10&apos;, os.arch: &apos;amd64&apos;, os.version: &apos;10.0&apos;, java.version: &apos;16.0.2&apos;
Driver info: org.openqa.selenium.remote.RemoteWebDriver
Capabilities {acceptInsecureCerts: false, browserName: msedge, browserVersion: 114.0.1823.51, javascriptEnabled: true, ms:edgeOptions: {debuggerAddress: localhost:56558}, msedge: {msedgedriverVersion: 114.0.1823.55 (890405d89311..., userDataDir: C:\Users\sonu\AppData\Local...}, networkConnectionEnabled: false, pageLoadStrategy: normal, platform: WINDOWS, platformName: WINDOWS, proxy: Proxy(), se:bidiEnabled: false, se:cdp: ws://192.168.43.198:4444/se..., se:cdpVersion: 114.0.1823.51, setWindowRect: true, strictFileInteractability: false, timeouts: {implicit: 0, pageLoad: 300000, script: 30000}, unhandledPromptBehavior: dismiss and notify, webauthn:extension:credBlob: true, webauthn:extension:largeBlob: true, webauthn:extension:minPinLength: true, webauthn:extension:prf: true, webauthn:virtualAuthenticators: true}
Session ID: 229335b94c9c2c70cbec31ad9a87a735
*** Element info: {Using=xpath, value=//*[@data-qa=&apos;continue-button&apos;]}
	at org.openqa.selenium.remote.http.W3CHttpResponseCodec.createException(W3CHttpResponseCodec.java:187)
	at org.openqa.selenium.remote.http.W3CHttpResponseCodec.decode(W3CHttpResponseCodec.java:122)
	at org.openqa.selenium.remote.http.W3CHttpResponseCodec.decode(W3CHttpResponseCodec.java:49)
	at org.openqa.selenium.remote.HttpCommandExecutor.execute(HttpCommandExecutor.java:158)
	at org.openqa.selenium.remote.RemoteWebDriver.execute(RemoteWebDriver.java:552)
	at org.openqa.selenium.remote.RemoteWebDriver.findElement(RemoteWebDriver.java:323)
	at org.openqa.selenium.remote.RemoteWebDriver.findElementByXPath(RemoteWebDriver.java:428)
	at org.openqa.selenium.By$ByXPath.findElement(By.java:353)
	at org.openqa.selenium.remote.RemoteWebDriver.findElement(RemoteWebDriver.java:315)
	at org.openqa.selenium.support.pagefactory.DefaultElementLocator.findElement(DefaultElementLocator.java:69)
	at org.openqa.selenium.support.pagefactory.internal.LocatingElementHandler.invoke(LocatingElementHandler.java:38)
	at jdk.proxy2/jdk.proxy2.$Proxy11.click(Unknown Source)
	at Capstone.PageClassesTC1.AccountCreated.AccCreated(AccountCreated.java:35)
	at Capstone.FinalProject.TestCase1.scenarioDemo1(TestCase1.java:48)
	at java.base/java.util.ArrayList.forEach(ArrayList.java:1511)
	at java.base/java.util.concurrent.FutureTask.run(FutureTask.java:264)
	at java.base/java.util.concurrent.ThreadPoolExecutor.runWorker(ThreadPoolExecutor.java:1130)
	at java.base/java.util.concurrent.ThreadPoolExecutor$Worker.run(ThreadPoolExecutor.java:630)
	at java.base/java.lang.Thread.run(Thread.java:831)
... Removed 22 stack frames</div></td></tr></table><p class="totop"><a href="#summary">back to summary</a></p>
<h3 id="m7">Capstone.FinalProject.TestCase4#scenarioDemo4</h3><table class="result"><tr><th>Exception</th></tr><tr><td><div class="stacktrace">java.lang.AssertionError: expected [true] but found [false]
	at PageClassesTC4.CartPage4.RemoveCart(CartPage4.java:52)
	at Capstone.FinalProject.TestCase4.scenarioDemo4(TestCase4.java:36)
	at java.base/java.util.ArrayList.forEach(ArrayList.java:1511)
	at java.base/java.util.concurrent.FutureTask.run(FutureTask.java:264)
	at java.base/java.util.concurrent.ThreadPoolExecutor.runWorker(ThreadPoolExecutor.java:1130)
	at java.base/java.util.concurrent.ThreadPoolExecutor$Worker.run(ThreadPoolExecutor.java:630)
	at java.base/java.lang.Thread.run(Thread.java:831)
... Removed 21 stack frames</div></td></tr></table><p class="totop"><a href="#summary">back to summary</a></p>
<h3 id="m8">Capstone.FinalProject.TestCase6#scenario6</h3><table class="result"><tr><th>Exception</th></tr><tr><td><div class="stacktrace">org.openqa.selenium.ElementClickInterceptedException: element click intercepted: Element &lt;a href=&quot;/product_details/3&quot; style=&quot;color: brown;&quot;&gt;...&lt;/a&gt; is not clickable at point (1173, 618). Other element would receive the click: &lt;iframe id=&quot;aswift_5&quot; name=&quot;aswift_5&quot; style=&quot;width: 100vw !important; height: 100vh !important; inset: 0px auto auto 0px !important; position: absolute !important; clear: none !important; display: inline !important; float: none !important; margin: 0px !important; max-height: none !important; max-width: none !important; opacity: 1 !important; overflow: visible !important; padding: 0px !important; vertical-align: baseline !important; visibility: visible !important; z-index: auto !important;&quot; sandbox=&quot;allow-forms allow-popups allow-popups-to-escape-sandbox allow-same-origin allow-scripts allow-top-navigation-by-user-activation&quot; width=&quot;&quot; height=&quot;&quot; frameborder=&quot;0&quot; marginwidth=&quot;0&quot; marginheight=&quot;0&quot; vspace=&quot;0&quot; hspace=&quot;0&quot; allowtransparency=&quot;true&quot; scrolling=&quot;no&quot; src=&quot;https://googleads.g.doubleclick.net/pagead/html/r20230620/r20110914/zrt_lookup.html?fsb=1#RS-0-&amp;amp;adk=1812271808&amp;amp;client=ca-pub-1677597403311019&amp;amp;fa=8&amp;amp;ifi=6&amp;amp;uci=a!6&amp;amp;xpc=fAbFeRgMUm&amp;amp;p=https%3A//www.automationexercise.com&quot; data-google-container-id=&quot;a!6&quot; data-google-query-id=&quot;CI28p-rz1v8CFZeI6QUdTtUGVQ&quot; data-load-complete=&quot;true&quot;&gt;&lt;/iframe&gt;
  (Session info: MicrosoftEdge=114.0.1823.51)
Build info: version: &apos;3.141.59&apos;, revision: &apos;e82be7d358&apos;, time: &apos;2018-11-14T08:17:03&apos;
System info: host: &apos;DESKTOP-ONP7J23&apos;, ip: &apos;192.168.43.198&apos;, os.name: &apos;Windows 10&apos;, os.arch: &apos;amd64&apos;, os.version: &apos;10.0&apos;, java.version: &apos;16.0.2&apos;
Driver info: org.openqa.selenium.remote.RemoteWebDriver
Capabilities {acceptInsecureCerts: false, browserName: msedge, browserVersion: 114.0.1823.51, javascriptEnabled: true, ms:edgeOptions: {debuggerAddress: localhost:56483}, msedge: {msedgedriverVersion: 114.0.1823.55 (890405d89311..., userDataDir: C:\Users\sonu\AppData\Local...}, networkConnectionEnabled: false, pageLoadStrategy: normal, platform: WINDOWS, platformName: WINDOWS, proxy: Proxy(), se:bidiEnabled: false, se:cdp: ws://192.168.43.198:4444/se..., se:cdpVersion: 114.0.1823.51, setWindowRect: true, strictFileInteractability: false, timeouts: {implicit: 0, pageLoad: 300000, script: 30000}, unhandledPromptBehavior: dismiss and notify, webauthn:extension:credBlob: true, webauthn:extension:largeBlob: true, webauthn:extension:minPinLength: true, webauthn:extension:prf: true, webauthn:virtualAuthenticators: true}
Session ID: 3c2202dfcaf1e52e1ddee137c053cca9
	at org.openqa.selenium.remote.http.W3CHttpResponseCodec.createException(W3CHttpResponseCodec.java:187)
	at org.openqa.selenium.remote.http.W3CHttpResponseCodec.decode(W3CHttpResponseCodec.java:122)
	at org.openqa.selenium.remote.http.W3CHttpResponseCodec.decode(W3CHttpResponseCodec.java:49)
	at org.openqa.selenium.remote.HttpCommandExecutor.execute(HttpCommandExecutor.java:158)
	at org.openqa.selenium.remote.RemoteWebDriver.execute(RemoteWebDriver.java:552)
	at org.openqa.selenium.remote.RemoteWebElement.execute(RemoteWebElement.java:285)
	at org.openqa.selenium.remote.RemoteWebElement.click(RemoteWebElement.java:84)
	at org.openqa.selenium.support.pagefactory.internal.LocatingElementHandler.invoke(LocatingElementHandler.java:51)
	at jdk.proxy2/jdk.proxy2.$Proxy11.click(Unknown Source)
	at PageClassTC6.ProductPafeForReview.ReviewDisplay(ProductPafeForReview.java:35)
	at Capstone.FinalProject.TestCase6.scenario6(TestCase6.java:30)
	at java.base/java.util.ArrayList.forEach(ArrayList.java:1511)
	at java.base/java.util.concurrent.FutureTask.run(FutureTask.java:264)
	at java.base/java.util.concurrent.ThreadPoolExecutor.runWorker(ThreadPoolExecutor.java:1130)
	at java.base/java.util.concurrent.ThreadPoolExecutor$Worker.run(ThreadPoolExecutor.java:630)
	at java.base/java.lang.Thread.run(Thread.java:831)
... Removed 25 stack frames</div></td></tr></table><p class="totop"><a href="#summary">back to summary</a></p>
<h3 id="m9">Capstone.FinalProject.TestCase2#scenarioDemo2</h3><table class="result"><tr><th class="invisible"/></tr></table><p class="totop"><a href="#summary">back to summary</a></p>
<h3 id="m10">Capstone.FinalProject.TestCase3#scenarioDemo3</h3><table class="result"><tr><th class="invisible"/></tr></table><p class="totop"><a href="#summary">back to summary</a></p>
<h3 id="m11">Capstone.FinalProject.TestCase5#scenarioDemo5</h3><table class="result"><tr><th class="invisible"/></tr></table><p class="totop"><a href="#summary">back to summary</a></p>
</body>
</html>
