<?xml version="1.0" encoding="UTF-8"?>
<testng-results ignored="0" total="12" passed="9" failed="3" skipped="0">
  <reporter-output>
  </reporter-output>
  <suite started-at="2023-06-22T18:05:40 IST" name="Suite" finished-at="2023-06-22T18:18:39 IST" duration-ms="778890">
    <groups>
    </groups>
    <test started-at="2023-06-22T18:05:40 IST" name="Chrome Test" finished-at="2023-06-22T18:08:51 IST" duration-ms="191386">
      <class name="Capstone.FinalProject.TestCase6">
        <test-method is-config="true" signature="setup1(java.lang.String)[pri:0, instance:Capstone.FinalProject.TestCase6@b978d10]" started-at="2023-06-22T18:06:49 IST" name="setup1" finished-at="2023-06-22T18:07:04 IST" duration-ms="14777" status="PASS">
          <params>
            <param index="0">
              <value>
                <![CDATA[5555]]>
              </value>
            </param>
          </params>
          <reporter-output>
          </reporter-output>
        </test-method> <!-- setup1 -->
        <test-method signature="scenario6()[pri:0, instance:Capstone.FinalProject.TestCase6@b978d10]" started-at="2023-06-22T18:07:04 IST" name="scenario6" finished-at="2023-06-22T18:07:24 IST" duration-ms="20011" status="PASS">
          <reporter-output>
          </reporter-output>
        </test-method> <!-- scenario6 -->
      </class> <!-- Capstone.FinalProject.TestCase6 -->
      <class name="Capstone.FinalProject.TestCase5">
        <test-method is-config="true" signature="setup1(java.lang.String)[pri:0, instance:Capstone.FinalProject.TestCase5@3406472c]" started-at="2023-06-22T18:05:40 IST" name="setup1" finished-at="2023-06-22T18:05:50 IST" duration-ms="10487" status="PASS">
          <params>
            <param index="0">
              <value>
                <![CDATA[5555]]>
              </value>
            </param>
          </params>
          <reporter-output>
          </reporter-output>
        </test-method> <!-- setup1 -->
        <test-method signature="scenarioDemo5()[pri:0, instance:Capstone.FinalProject.TestCase5@3406472c]" started-at="2023-06-22T18:05:50 IST" name="scenarioDemo5" finished-at="2023-06-22T18:06:24 IST" duration-ms="33542" status="PASS">
          <reporter-output>
          </reporter-output>
        </test-method> <!-- scenarioDemo5 -->
      </class> <!-- Capstone.FinalProject.TestCase5 -->
      <class name="Capstone.FinalProject.TestCase4">
        <test-method is-config="true" signature="setup4(java.lang.String)[pri:0, instance:Capstone.FinalProject.TestCase4@39d9314d]" started-at="2023-06-22T18:06:24 IST" name="setup4" finished-at="2023-06-22T18:06:33 IST" duration-ms="9192" status="PASS">
          <params>
            <param index="0">
              <value>
                <![CDATA[5555]]>
              </value>
            </param>
          </params>
          <reporter-output>
          </reporter-output>
        </test-method> <!-- setup4 -->
        <test-method signature="scenarioDemo4()[pri:0, instance:Capstone.FinalProject.TestCase4@39d9314d]" started-at="2023-06-22T18:06:33 IST" name="scenarioDemo4" finished-at="2023-06-22T18:06:49 IST" duration-ms="16225" status="PASS">
          <reporter-output>
          </reporter-output>
        </test-method> <!-- scenarioDemo4 -->
      </class> <!-- Capstone.FinalProject.TestCase4 -->
      <class name="Capstone.FinalProject.TestCase3">
        <test-method is-config="true" signature="setup3(java.lang.String)[pri:0, instance:Capstone.FinalProject.TestCase3@5c45d770]" started-at="2023-06-22T18:08:11 IST" name="setup3" finished-at="2023-06-22T18:08:22 IST" duration-ms="10833" status="PASS">
          <params>
            <param index="0">
              <value>
                <![CDATA[5555]]>
              </value>
            </param>
          </params>
          <reporter-output>
          </reporter-output>
        </test-method> <!-- setup3 -->
        <test-method signature="scenarioDemo3()[pri:0, instance:Capstone.FinalProject.TestCase3@5c45d770]" started-at="2023-06-22T18:08:22 IST" name="scenarioDemo3" finished-at="2023-06-22T18:08:28 IST" duration-ms="5922" status="PASS">
          <reporter-output>
          </reporter-output>
        </test-method> <!-- scenarioDemo3 -->
      </class> <!-- Capstone.FinalProject.TestCase3 -->
      <class name="Capstone.FinalProject.TestCase2">
        <test-method is-config="true" signature="setup2(java.lang.String)[pri:0, instance:Capstone.FinalProject.TestCase2@2ce6c6ec]" started-at="2023-06-22T18:08:28 IST" name="setup2" finished-at="2023-06-22T18:08:41 IST" duration-ms="13404" status="PASS">
          <params>
            <param index="0">
              <value>
                <![CDATA[5555]]>
              </value>
            </param>
          </params>
          <reporter-output>
          </reporter-output>
        </test-method> <!-- setup2 -->
        <test-method signature="scenarioDemo2()[pri:0, instance:Capstone.FinalProject.TestCase2@2ce6c6ec]" started-at="2023-06-22T18:08:41 IST" name="scenarioDemo2" finished-at="2023-06-22T18:08:51 IST" duration-ms="9960" status="PASS">
          <reporter-output>
          </reporter-output>
        </test-method> <!-- scenarioDemo2 -->
      </class> <!-- Capstone.FinalProject.TestCase2 -->
      <class name="Capstone.FinalProject.TestCase1">
        <test-method is-config="true" signature="setup1(java.lang.String)[pri:0, instance:Capstone.FinalProject.TestCase1@5b7a8434]" started-at="2023-06-22T18:07:24 IST" name="setup1" finished-at="2023-06-22T18:07:35 IST" duration-ms="11452" status="PASS">
          <params>
            <param index="0">
              <value>
                <![CDATA[5555]]>
              </value>
            </param>
          </params>
          <reporter-output>
          </reporter-output>
        </test-method> <!-- setup1 -->
        <test-method signature="scenarioDemo1()[pri:0, instance:Capstone.FinalProject.TestCase1@5b7a8434]" started-at="2023-06-22T18:07:35 IST" name="scenarioDemo1" finished-at="2023-06-22T18:08:11 IST" duration-ms="35519" status="PASS">
          <reporter-output>
          </reporter-output>
        </test-method> <!-- scenarioDemo1 -->
      </class> <!-- Capstone.FinalProject.TestCase1 -->
    </test> <!-- Chrome Test -->
    <test started-at="2023-06-22T18:05:40 IST" name="Microsoft Edge Test" finished-at="2023-06-22T18:18:39 IST" duration-ms="778890">
      <class name="Capstone.FinalProject.TestCase6">
        <test-method is-config="true" signature="setup1(java.lang.String)[pri:0, instance:Capstone.FinalProject.TestCase6@3e821657]" started-at="2023-06-22T18:13:56 IST" name="setup1" finished-at="2023-06-22T18:14:06 IST" duration-ms="9566" status="PASS">
          <params>
            <param index="0">
              <value>
                <![CDATA[6666]]>
              </value>
            </param>
          </params>
          <reporter-output>
          </reporter-output>
        </test-method> <!-- setup1 -->
        <test-method signature="scenario6()[pri:0, instance:Capstone.FinalProject.TestCase6@3e821657]" started-at="2023-06-22T18:14:06 IST" name="scenario6" finished-at="2023-06-22T18:14:07 IST" duration-ms="1502" status="FAIL">
          <exception class="org.openqa.selenium.ElementClickInterceptedException">
            <message>
              <![CDATA[element click intercepted: Element <a href="/product_details/3" style="color: brown;">...</a> is not clickable at point (1173, 618). Other element would receive the click: <iframe id="aswift_5" name="aswift_5" style="width: 100vw !important; height: 100vh !important; inset: 0px auto auto 0px !important; position: absolute !important; clear: none !important; display: inline !important; float: none !important; margin: 0px !important; max-height: none !important; max-width: none !important; opacity: 1 !important; overflow: visible !important; padding: 0px !important; vertical-align: baseline !important; visibility: visible !important; z-index: auto !important;" sandbox="allow-forms allow-popups allow-popups-to-escape-sandbox allow-same-origin allow-scripts allow-top-navigation-by-user-activation" width="" height="" frameborder="0" marginwidth="0" marginheight="0" vspace="0" hspace="0" allowtransparency="true" scrolling="no" src="https://googleads.g.doubleclick.net/pagead/html/r20230620/r20110914/zrt_lookup.html?fsb=1#RS-0-&amp;adk=1812271808&amp;client=ca-pub-1677597403311019&amp;fa=8&amp;ifi=6&amp;uci=a!6&amp;xpc=fAbFeRgMUm&amp;p=https%3A//www.automationexercise.com" data-google-container-id="a!6" data-google-query-id="CI28p-rz1v8CFZeI6QUdTtUGVQ" data-load-complete="true"></iframe>
  (Session info: MicrosoftEdge=114.0.1823.51)
Build info: version: '3.141.59', revision: 'e82be7d358', time: '2018-11-14T08:17:03'
System info: host: 'DESKTOP-ONP7J23', ip: '192.168.43.198', os.name: 'Windows 10', os.arch: 'amd64', os.version: '10.0', java.version: '16.0.2'
Driver info: org.openqa.selenium.remote.RemoteWebDriver
Capabilities {acceptInsecureCerts: false, browserName: msedge, browserVersion: 114.0.1823.51, javascriptEnabled: true, ms:edgeOptions: {debuggerAddress: localhost:56483}, msedge: {msedgedriverVersion: 114.0.1823.55 (890405d89311..., userDataDir: C:\Users\sonu\AppData\Local...}, networkConnectionEnabled: false, pageLoadStrategy: normal, platform: WINDOWS, platformName: WINDOWS, proxy: Proxy(), se:bidiEnabled: false, se:cdp: ws://192.168.43.198:4444/se..., se:cdpVersion: 114.0.1823.51, setWindowRect: true, strictFileInteractability: false, timeouts: {implicit: 0, pageLoad: 300000, script: 30000}, unhandledPromptBehavior: dismiss and notify, webauthn:extension:credBlob: true, webauthn:extension:largeBlob: true, webauthn:extension:minPinLength: true, webauthn:extension:prf: true, webauthn:virtualAuthenticators: true}
Session ID: 3c2202dfcaf1e52e1ddee137c053cca9]]>
            </message>
            <full-stacktrace>
              <![CDATA[org.openqa.selenium.ElementClickInterceptedException: element click intercepted: Element <a href="/product_details/3" style="color: brown;">...</a> is not clickable at point (1173, 618). Other element would receive the click: <iframe id="aswift_5" name="aswift_5" style="width: 100vw !important; height: 100vh !important; inset: 0px auto auto 0px !important; position: absolute !important; clear: none !important; display: inline !important; float: none !important; margin: 0px !important; max-height: none !important; max-width: none !important; opacity: 1 !important; overflow: visible !important; padding: 0px !important; vertical-align: baseline !important; visibility: visible !important; z-index: auto !important;" sandbox="allow-forms allow-popups allow-popups-to-escape-sandbox allow-same-origin allow-scripts allow-top-navigation-by-user-activation" width="" height="" frameborder="0" marginwidth="0" marginheight="0" vspace="0" hspace="0" allowtransparency="true" scrolling="no" src="https://googleads.g.doubleclick.net/pagead/html/r20230620/r20110914/zrt_lookup.html?fsb=1#RS-0-&amp;adk=1812271808&amp;client=ca-pub-1677597403311019&amp;fa=8&amp;ifi=6&amp;uci=a!6&amp;xpc=fAbFeRgMUm&amp;p=https%3A//www.automationexercise.com" data-google-container-id="a!6" data-google-query-id="CI28p-rz1v8CFZeI6QUdTtUGVQ" data-load-complete="true"></iframe>
  (Session info: MicrosoftEdge=114.0.1823.51)
Build info: version: '3.141.59', revision: 'e82be7d358', time: '2018-11-14T08:17:03'
System info: host: 'DESKTOP-ONP7J23', ip: '192.168.43.198', os.name: 'Windows 10', os.arch: 'amd64', os.version: '10.0', java.version: '16.0.2'
Driver info: org.openqa.selenium.remote.RemoteWebDriver
Capabilities {acceptInsecureCerts: false, browserName: msedge, browserVersion: 114.0.1823.51, javascriptEnabled: true, ms:edgeOptions: {debuggerAddress: localhost:56483}, msedge: {msedgedriverVersion: 114.0.1823.55 (890405d89311..., userDataDir: C:\Users\sonu\AppData\Local...}, networkConnectionEnabled: false, pageLoadStrategy: normal, platform: WINDOWS, platformName: WINDOWS, proxy: Proxy(), se:bidiEnabled: false, se:cdp: ws://192.168.43.198:4444/se..., se:cdpVersion: 114.0.1823.51, setWindowRect: true, strictFileInteractability: false, timeouts: {implicit: 0, pageLoad: 300000, script: 30000}, unhandledPromptBehavior: dismiss and notify, webauthn:extension:credBlob: true, webauthn:extension:largeBlob: true, webauthn:extension:minPinLength: true, webauthn:extension:prf: true, webauthn:virtualAuthenticators: true}
Session ID: 3c2202dfcaf1e52e1ddee137c053cca9
at java.base/jdk.internal.reflect.NativeConstructorAccessorImpl.newInstance0(Native Method)
at java.base/jdk.internal.reflect.NativeConstructorAccessorImpl.newInstance(NativeConstructorAccessorImpl.java:78)
at java.base/jdk.internal.reflect.DelegatingConstructorAccessorImpl.newInstance(DelegatingConstructorAccessorImpl.java:45)
at java.base/java.lang.reflect.Constructor.newInstanceWithCaller(Constructor.java:499)
at java.base/java.lang.reflect.Constructor.newInstance(Constructor.java:480)
at org.openqa.selenium.remote.http.W3CHttpResponseCodec.createException(W3CHttpResponseCodec.java:187)
at org.openqa.selenium.remote.http.W3CHttpResponseCodec.decode(W3CHttpResponseCodec.java:122)
at org.openqa.selenium.remote.http.W3CHttpResponseCodec.decode(W3CHttpResponseCodec.java:49)
at org.openqa.selenium.remote.HttpCommandExecutor.execute(HttpCommandExecutor.java:158)
at org.openqa.selenium.remote.RemoteWebDriver.execute(RemoteWebDriver.java:552)
at org.openqa.selenium.remote.RemoteWebElement.execute(RemoteWebElement.java:285)
at org.openqa.selenium.remote.RemoteWebElement.click(RemoteWebElement.java:84)
at jdk.internal.reflect.GeneratedMethodAccessor1.invoke(Unknown Source)
at java.base/jdk.internal.reflect.DelegatingMethodAccessorImpl.invoke(DelegatingMethodAccessorImpl.java:43)
at java.base/java.lang.reflect.Method.invoke(Method.java:567)
at org.openqa.selenium.support.pagefactory.internal.LocatingElementHandler.invoke(LocatingElementHandler.java:51)
at jdk.proxy2/jdk.proxy2.$Proxy11.click(Unknown Source)
at PageClassTC6.ProductPafeForReview.ReviewDisplay(ProductPafeForReview.java:35)
at Capstone.FinalProject.TestCase6.scenario6(TestCase6.java:30)
at java.base/jdk.internal.reflect.NativeMethodAccessorImpl.invoke0(Native Method)
at java.base/jdk.internal.reflect.NativeMethodAccessorImpl.invoke(NativeMethodAccessorImpl.java:78)
at java.base/jdk.internal.reflect.DelegatingMethodAccessorImpl.invoke(DelegatingMethodAccessorImpl.java:43)
at java.base/java.lang.reflect.Method.invoke(Method.java:567)
at org.testng.internal.invokers.MethodInvocationHelper.invokeMethod(MethodInvocationHelper.java:139)
at org.testng.internal.invokers.TestInvoker.invokeMethod(TestInvoker.java:664)
at org.testng.internal.invokers.TestInvoker.invokeTestMethod(TestInvoker.java:227)
at org.testng.internal.invokers.MethodRunner.runInSequence(MethodRunner.java:50)
at org.testng.internal.invokers.TestInvoker$MethodInvocationAgent.invoke(TestInvoker.java:957)
at org.testng.internal.invokers.TestInvoker.invokeTestMethods(TestInvoker.java:200)
at org.testng.internal.invokers.TestMethodWorker.invokeTestMethods(TestMethodWorker.java:148)
at org.testng.internal.invokers.TestMethodWorker.run(TestMethodWorker.java:128)
at java.base/java.util.ArrayList.forEach(ArrayList.java:1511)
at org.testng.TestRunner.privateRun(TestRunner.java:848)
at org.testng.TestRunner.run(TestRunner.java:621)
at org.testng.SuiteRunner.runTest(SuiteRunner.java:443)
at org.testng.SuiteRunner$SuiteWorker.run(SuiteRunner.java:481)
at org.testng.internal.thread.ThreadUtil.lambda$execute$0(ThreadUtil.java:58)
at java.base/java.util.concurrent.FutureTask.run(FutureTask.java:264)
at java.base/java.util.concurrent.ThreadPoolExecutor.runWorker(ThreadPoolExecutor.java:1130)
at java.base/java.util.concurrent.ThreadPoolExecutor$Worker.run(ThreadPoolExecutor.java:630)
at java.base/java.lang.Thread.run(Thread.java:831)
]]>
            </full-stacktrace>
          </exception> <!-- org.openqa.selenium.ElementClickInterceptedException -->
          <reporter-output>
          </reporter-output>
        </test-method> <!-- scenario6 -->
      </class> <!-- Capstone.FinalProject.TestCase6 -->
      <class name="Capstone.FinalProject.TestCase5">
        <test-method is-config="true" signature="setup1(java.lang.String)[pri:0, instance:Capstone.FinalProject.TestCase5@6b00f608]" started-at="2023-06-22T18:05:40 IST" name="setup1" finished-at="2023-06-22T18:05:50 IST" duration-ms="10538" status="PASS">
          <params>
            <param index="0">
              <value>
                <![CDATA[6666]]>
              </value>
            </param>
          </params>
          <reporter-output>
          </reporter-output>
        </test-method> <!-- setup1 -->
        <test-method signature="scenarioDemo5()[pri:0, instance:Capstone.FinalProject.TestCase5@6b00f608]" started-at="2023-06-22T18:05:50 IST" name="scenarioDemo5" finished-at="2023-06-22T18:12:55 IST" duration-ms="424488" status="PASS">
          <reporter-output>
          </reporter-output>
        </test-method> <!-- scenarioDemo5 -->
      </class> <!-- Capstone.FinalProject.TestCase5 -->
      <class name="Capstone.FinalProject.TestCase4">
        <test-method is-config="true" signature="setup4(java.lang.String)[pri:0, instance:Capstone.FinalProject.TestCase4@2f17e30d]" started-at="2023-06-22T18:12:55 IST" name="setup4" finished-at="2023-06-22T18:13:31 IST" duration-ms="36470" status="PASS">
          <params>
            <param index="0">
              <value>
                <![CDATA[6666]]>
              </value>
            </param>
          </params>
          <reporter-output>
          </reporter-output>
        </test-method> <!-- setup4 -->
        <test-method signature="scenarioDemo4()[pri:0, instance:Capstone.FinalProject.TestCase4@2f17e30d]" started-at="2023-06-22T18:13:31 IST" name="scenarioDemo4" finished-at="2023-06-22T18:13:56 IST" duration-ms="24956" status="FAIL">
          <exception class="java.lang.AssertionError">
            <message>
              <![CDATA[expected [true] but found [false]]]>
            </message>
            <full-stacktrace>
              <![CDATA[java.lang.AssertionError: expected [true] but found [false]
at org.testng.Assert.fail(Assert.java:111)
at org.testng.Assert.failNotEquals(Assert.java:1578)
at org.testng.Assert.assertTrue(Assert.java:57)
at org.testng.Assert.assertTrue(Assert.java:67)
at PageClassesTC4.CartPage4.RemoveCart(CartPage4.java:52)
at Capstone.FinalProject.TestCase4.scenarioDemo4(TestCase4.java:36)
at java.base/jdk.internal.reflect.NativeMethodAccessorImpl.invoke0(Native Method)
at java.base/jdk.internal.reflect.NativeMethodAccessorImpl.invoke(NativeMethodAccessorImpl.java:78)
at java.base/jdk.internal.reflect.DelegatingMethodAccessorImpl.invoke(DelegatingMethodAccessorImpl.java:43)
at java.base/java.lang.reflect.Method.invoke(Method.java:567)
at org.testng.internal.invokers.MethodInvocationHelper.invokeMethod(MethodInvocationHelper.java:139)
at org.testng.internal.invokers.TestInvoker.invokeMethod(TestInvoker.java:664)
at org.testng.internal.invokers.TestInvoker.invokeTestMethod(TestInvoker.java:227)
at org.testng.internal.invokers.MethodRunner.runInSequence(MethodRunner.java:50)
at org.testng.internal.invokers.TestInvoker$MethodInvocationAgent.invoke(TestInvoker.java:957)
at org.testng.internal.invokers.TestInvoker.invokeTestMethods(TestInvoker.java:200)
at org.testng.internal.invokers.TestMethodWorker.invokeTestMethods(TestMethodWorker.java:148)
at org.testng.internal.invokers.TestMethodWorker.run(TestMethodWorker.java:128)
at java.base/java.util.ArrayList.forEach(ArrayList.java:1511)
at org.testng.TestRunner.privateRun(TestRunner.java:848)
at org.testng.TestRunner.run(TestRunner.java:621)
at org.testng.SuiteRunner.runTest(SuiteRunner.java:443)
at org.testng.SuiteRunner$SuiteWorker.run(SuiteRunner.java:481)
at org.testng.internal.thread.ThreadUtil.lambda$execute$0(ThreadUtil.java:58)
at java.base/java.util.concurrent.FutureTask.run(FutureTask.java:264)
at java.base/java.util.concurrent.ThreadPoolExecutor.runWorker(ThreadPoolExecutor.java:1130)
at java.base/java.util.concurrent.ThreadPoolExecutor$Worker.run(ThreadPoolExecutor.java:630)
at java.base/java.lang.Thread.run(Thread.java:831)
]]>
            </full-stacktrace>
          </exception> <!-- java.lang.AssertionError -->
          <reporter-output>
          </reporter-output>
        </test-method> <!-- scenarioDemo4 -->
      </class> <!-- Capstone.FinalProject.TestCase4 -->
      <class name="Capstone.FinalProject.TestCase3">
        <test-method is-config="true" signature="setup3(java.lang.String)[pri:0, instance:Capstone.FinalProject.TestCase3@71cf1b07]" started-at="2023-06-22T18:14:56 IST" name="setup3" finished-at="2023-06-22T18:16:16 IST" duration-ms="79812" status="PASS">
          <params>
            <param index="0">
              <value>
                <![CDATA[6666]]>
              </value>
            </param>
          </params>
          <reporter-output>
          </reporter-output>
        </test-method> <!-- setup3 -->
        <test-method signature="scenarioDemo3()[pri:0, instance:Capstone.FinalProject.TestCase3@71cf1b07]" started-at="2023-06-22T18:16:16 IST" name="scenarioDemo3" finished-at="2023-06-22T18:16:22 IST" duration-ms="5828" status="PASS">
          <reporter-output>
          </reporter-output>
        </test-method> <!-- scenarioDemo3 -->
      </class> <!-- Capstone.FinalProject.TestCase3 -->
      <class name="Capstone.FinalProject.TestCase2">
        <test-method is-config="true" signature="setup2(java.lang.String)[pri:0, instance:Capstone.FinalProject.TestCase2@615091b8]" started-at="2023-06-22T18:16:22 IST" name="setup2" finished-at="2023-06-22T18:16:34 IST" duration-ms="12250" status="PASS">
          <params>
            <param index="0">
              <value>
                <![CDATA[6666]]>
              </value>
            </param>
          </params>
          <reporter-output>
          </reporter-output>
        </test-method> <!-- setup2 -->
        <test-method signature="scenarioDemo2()[pri:0, instance:Capstone.FinalProject.TestCase2@615091b8]" started-at="2023-06-22T18:16:34 IST" name="scenarioDemo2" finished-at="2023-06-22T18:18:39 IST" duration-ms="124651" status="PASS">
          <reporter-output>
          </reporter-output>
        </test-method> <!-- scenarioDemo2 -->
      </class> <!-- Capstone.FinalProject.TestCase2 -->
      <class name="Capstone.FinalProject.TestCase1">
        <test-method is-config="true" signature="setup1(java.lang.String)[pri:0, instance:Capstone.FinalProject.TestCase1@1d131e1b]" started-at="2023-06-22T18:14:07 IST" name="setup1" finished-at="2023-06-22T18:14:18 IST" duration-ms="11078" status="PASS">
          <params>
            <param index="0">
              <value>
                <![CDATA[6666]]>
              </value>
            </param>
          </params>
          <reporter-output>
          </reporter-output>
        </test-method> <!-- setup1 -->
        <test-method signature="scenarioDemo1()[pri:0, instance:Capstone.FinalProject.TestCase1@1d131e1b]" started-at="2023-06-22T18:14:18 IST" name="scenarioDemo1" finished-at="2023-06-22T18:14:56 IST" duration-ms="37699" status="FAIL">
          <exception class="org.openqa.selenium.NoSuchElementException">
            <message>
              <![CDATA[no such element: Unable to locate element: {"method":"xpath","selector":"//*[@data-qa='continue-button']"}
  (Session info: MicrosoftEdge=114.0.1823.51)
For documentation on this error, please visit: https://www.seleniumhq.org/exceptions/no_such_element.html
Build info: version: '3.141.59', revision: 'e82be7d358', time: '2018-11-14T08:17:03'
System info: host: 'DESKTOP-ONP7J23', ip: '192.168.43.198', os.name: 'Windows 10', os.arch: 'amd64', os.version: '10.0', java.version: '16.0.2'
Driver info: org.openqa.selenium.remote.RemoteWebDriver
Capabilities {acceptInsecureCerts: false, browserName: msedge, browserVersion: 114.0.1823.51, javascriptEnabled: true, ms:edgeOptions: {debuggerAddress: localhost:56558}, msedge: {msedgedriverVersion: 114.0.1823.55 (890405d89311..., userDataDir: C:\Users\sonu\AppData\Local...}, networkConnectionEnabled: false, pageLoadStrategy: normal, platform: WINDOWS, platformName: WINDOWS, proxy: Proxy(), se:bidiEnabled: false, se:cdp: ws://192.168.43.198:4444/se..., se:cdpVersion: 114.0.1823.51, setWindowRect: true, strictFileInteractability: false, timeouts: {implicit: 0, pageLoad: 300000, script: 30000}, unhandledPromptBehavior: dismiss and notify, webauthn:extension:credBlob: true, webauthn:extension:largeBlob: true, webauthn:extension:minPinLength: true, webauthn:extension:prf: true, webauthn:virtualAuthenticators: true}
Session ID: 229335b94c9c2c70cbec31ad9a87a735
*** Element info: {Using=xpath, value=//*[@data-qa='continue-button']}]]>
            </message>
            <full-stacktrace>
              <![CDATA[org.openqa.selenium.NoSuchElementException: no such element: Unable to locate element: {"method":"xpath","selector":"//*[@data-qa='continue-button']"}
  (Session info: MicrosoftEdge=114.0.1823.51)
For documentation on this error, please visit: https://www.seleniumhq.org/exceptions/no_such_element.html
Build info: version: '3.141.59', revision: 'e82be7d358', time: '2018-11-14T08:17:03'
System info: host: 'DESKTOP-ONP7J23', ip: '192.168.43.198', os.name: 'Windows 10', os.arch: 'amd64', os.version: '10.0', java.version: '16.0.2'
Driver info: org.openqa.selenium.remote.RemoteWebDriver
Capabilities {acceptInsecureCerts: false, browserName: msedge, browserVersion: 114.0.1823.51, javascriptEnabled: true, ms:edgeOptions: {debuggerAddress: localhost:56558}, msedge: {msedgedriverVersion: 114.0.1823.55 (890405d89311..., userDataDir: C:\Users\sonu\AppData\Local...}, networkConnectionEnabled: false, pageLoadStrategy: normal, platform: WINDOWS, platformName: WINDOWS, proxy: Proxy(), se:bidiEnabled: false, se:cdp: ws://192.168.43.198:4444/se..., se:cdpVersion: 114.0.1823.51, setWindowRect: true, strictFileInteractability: false, timeouts: {implicit: 0, pageLoad: 300000, script: 30000}, unhandledPromptBehavior: dismiss and notify, webauthn:extension:credBlob: true, webauthn:extension:largeBlob: true, webauthn:extension:minPinLength: true, webauthn:extension:prf: true, webauthn:virtualAuthenticators: true}
Session ID: 229335b94c9c2c70cbec31ad9a87a735
*** Element info: {Using=xpath, value=//*[@data-qa='continue-button']}
at java.base/jdk.internal.reflect.NativeConstructorAccessorImpl.newInstance0(Native Method)
at java.base/jdk.internal.reflect.NativeConstructorAccessorImpl.newInstance(NativeConstructorAccessorImpl.java:78)
at java.base/jdk.internal.reflect.DelegatingConstructorAccessorImpl.newInstance(DelegatingConstructorAccessorImpl.java:45)
at java.base/java.lang.reflect.Constructor.newInstanceWithCaller(Constructor.java:499)
at java.base/java.lang.reflect.Constructor.newInstance(Constructor.java:480)
at org.openqa.selenium.remote.http.W3CHttpResponseCodec.createException(W3CHttpResponseCodec.java:187)
at org.openqa.selenium.remote.http.W3CHttpResponseCodec.decode(W3CHttpResponseCodec.java:122)
at org.openqa.selenium.remote.http.W3CHttpResponseCodec.decode(W3CHttpResponseCodec.java:49)
at org.openqa.selenium.remote.HttpCommandExecutor.execute(HttpCommandExecutor.java:158)
at org.openqa.selenium.remote.RemoteWebDriver.execute(RemoteWebDriver.java:552)
at org.openqa.selenium.remote.RemoteWebDriver.findElement(RemoteWebDriver.java:323)
at org.openqa.selenium.remote.RemoteWebDriver.findElementByXPath(RemoteWebDriver.java:428)
at org.openqa.selenium.By$ByXPath.findElement(By.java:353)
at org.openqa.selenium.remote.RemoteWebDriver.findElement(RemoteWebDriver.java:315)
at org.openqa.selenium.support.pagefactory.DefaultElementLocator.findElement(DefaultElementLocator.java:69)
at org.openqa.selenium.support.pagefactory.internal.LocatingElementHandler.invoke(LocatingElementHandler.java:38)
at jdk.proxy2/jdk.proxy2.$Proxy11.click(Unknown Source)
at Capstone.PageClassesTC1.AccountCreated.AccCreated(AccountCreated.java:35)
at Capstone.FinalProject.TestCase1.scenarioDemo1(TestCase1.java:48)
at java.base/jdk.internal.reflect.NativeMethodAccessorImpl.invoke0(Native Method)
at java.base/jdk.internal.reflect.NativeMethodAccessorImpl.invoke(NativeMethodAccessorImpl.java:78)
at java.base/jdk.internal.reflect.DelegatingMethodAccessorImpl.invoke(DelegatingMethodAccessorImpl.java:43)
at java.base/java.lang.reflect.Method.invoke(Method.java:567)
at org.testng.internal.invokers.MethodInvocationHelper.invokeMethod(MethodInvocationHelper.java:139)
at org.testng.internal.invokers.TestInvoker.invokeMethod(TestInvoker.java:664)
at org.testng.internal.invokers.TestInvoker.invokeTestMethod(TestInvoker.java:227)
at org.testng.internal.invokers.MethodRunner.runInSequence(MethodRunner.java:50)
at org.testng.internal.invokers.TestInvoker$MethodInvocationAgent.invoke(TestInvoker.java:957)
at org.testng.internal.invokers.TestInvoker.invokeTestMethods(TestInvoker.java:200)
at org.testng.internal.invokers.TestMethodWorker.invokeTestMethods(TestMethodWorker.java:148)
at org.testng.internal.invokers.TestMethodWorker.run(TestMethodWorker.java:128)
at java.base/java.util.ArrayList.forEach(ArrayList.java:1511)
at org.testng.TestRunner.privateRun(TestRunner.java:848)
at org.testng.TestRunner.run(TestRunner.java:621)
at org.testng.SuiteRunner.runTest(SuiteRunner.java:443)
at org.testng.SuiteRunner$SuiteWorker.run(SuiteRunner.java:481)
at org.testng.internal.thread.ThreadUtil.lambda$execute$0(ThreadUtil.java:58)
at java.base/java.util.concurrent.FutureTask.run(FutureTask.java:264)
at java.base/java.util.concurrent.ThreadPoolExecutor.runWorker(ThreadPoolExecutor.java:1130)
at java.base/java.util.concurrent.ThreadPoolExecutor$Worker.run(ThreadPoolExecutor.java:630)
at java.base/java.lang.Thread.run(Thread.java:831)
]]>
            </full-stacktrace>
          </exception> <!-- org.openqa.selenium.NoSuchElementException -->
          <reporter-output>
          </reporter-output>
        </test-method> <!-- scenarioDemo1 -->
      </class> <!-- Capstone.FinalProject.TestCase1 -->
    </test> <!-- Microsoft Edge Test -->
  </suite> <!-- Suite -->
</testng-results>
